C:\Users\bsarg\source\repos\Marvel\Marvle_API\Marvle_API\MarvelApp\dist\out-tsc\e2e\src\app.po.js
C:\Users\bsarg\source\repos\Marvel\Marvle_API\Marvle_API\MarvelApp\dist\out-tsc\e2e\src\app.po.js.map
C:\Users\bsarg\source\repos\Marvel\Marvle_API\Marvle_API\MarvelApp\dist\out-tsc\e2e\src\app.e2e-spec.js
C:\Users\bsarg\source\repos\Marvel\Marvle_API\Marvle_API\MarvelApp\dist\out-tsc\e2e\src\app.e2e-spec.js.map
C:\Users\bsarg\source\repos\Marvel\Marvle_API\Marvle_API\MarvelApp\dist\out-tsc\src\app\services\sever-api.service.js
C:\Users\bsarg\source\repos\Marvel\Marvle_API\Marvle_API\MarvelApp\dist\out-tsc\src\app\services\sever-api.service.js.map
C:\Users\bsarg\source\repos\Marvel\Marvle_API\Marvle_API\MarvelApp\dist\out-tsc\src\app\inicio\inicio.component.js
C:\Users\bsarg\source\repos\Marvel\Marvle_API\Marvle_API\MarvelApp\dist\out-tsc\src\app\inicio\inicio.component.js.map
C:\Users\bsarg\source\repos\Marvel\Marvle_API\Marvle_API\MarvelApp\dist\out-tsc\src\app\login\login.component.js
C:\Users\bsarg\source\repos\Marvel\Marvle_API\Marvle_API\MarvelApp\dist\out-tsc\src\app\login\login.component.js.map
C:\Users\bsarg\source\repos\Marvel\Marvle_API\Marvle_API\MarvelApp\dist\out-tsc\src\app\app.component.js
C:\Users\bsarg\source\repos\Marvel\Marvle_API\Marvle_API\MarvelApp\dist\out-tsc\src\app\app.component.js.map
C:\Users\bsarg\source\repos\Marvel\Marvle_API\Marvle_API\MarvelApp\dist\out-tsc\src\app\nombre\nombre.component.js
C:\Users\bsarg\source\repos\Marvel\Marvle_API\Marvle_API\MarvelApp\dist\out-tsc\src\app\nombre\nombre.component.js.map
C:\Users\bsarg\source\repos\Marvel\Marvle_API\Marvle_API\MarvelApp\dist\out-tsc\src\app\app-routing.module.js
C:\Users\bsarg\source\repos\Marvel\Marvle_API\Marvle_API\MarvelApp\dist\out-tsc\src\app\app-routing.module.js.map
C:\Users\bsarg\source\repos\Marvel\Marvle_API\Marvle_API\MarvelApp\dist\out-tsc\src\app\app.module.js
C:\Users\bsarg\source\repos\Marvel\Marvle_API\Marvle_API\MarvelApp\dist\out-tsc\src\app\app.module.js.map
C:\Users\bsarg\source\repos\Marvel\Marvle_API\Marvle_API\MarvelApp\dist\out-tsc\src\environments\environment.js
C:\Users\bsarg\source\repos\Marvel\Marvle_API\Marvle_API\MarvelApp\dist\out-tsc\src\environments\environment.js.map
C:\Users\bsarg\source\repos\Marvel\Marvle_API\Marvle_API\MarvelApp\dist\out-tsc\src\main.js
C:\Users\bsarg\source\repos\Marvel\Marvle_API\Marvle_API\MarvelApp\dist\out-tsc\src\main.js.map
C:\Users\bsarg\source\repos\Marvel\Marvle_API\Marvle_API\MarvelApp\dist\out-tsc\src\polyfills.js
C:\Users\bsarg\source\repos\Marvel\Marvle_API\Marvle_API\MarvelApp\dist\out-tsc\src\polyfills.js.map
C:\Users\bsarg\source\repos\Marvel\Marvle_API\Marvle_API\MarvelApp\dist\out-tsc\src\test.js
C:\Users\bsarg\source\repos\Marvel\Marvle_API\Marvle_API\MarvelApp\dist\out-tsc\src\test.js.map
C:\Users\bsarg\source\repos\Marvel\Marvle_API\Marvle_API\MarvelApp\dist\out-tsc\src\app\app.component.spec.js
C:\Users\bsarg\source\repos\Marvel\Marvle_API\Marvle_API\MarvelApp\dist\out-tsc\src\app\app.component.spec.js.map
C:\Users\bsarg\source\repos\Marvel\Marvle_API\Marvle_API\MarvelApp\dist\out-tsc\src\app\inicio\inicio.component.spec.js
C:\Users\bsarg\source\repos\Marvel\Marvle_API\Marvle_API\MarvelApp\dist\out-tsc\src\app\inicio\inicio.component.spec.js.map
C:\Users\bsarg\source\repos\Marvel\Marvle_API\Marvle_API\MarvelApp\dist\out-tsc\src\app\login\login.component.spec.js
C:\Users\bsarg\source\repos\Marvel\Marvle_API\Marvle_API\MarvelApp\dist\out-tsc\src\app\login\login.component.spec.js.map
C:\Users\bsarg\source\repos\Marvel\Marvle_API\Marvle_API\MarvelApp\dist\out-tsc\src\app\nombre\nombre.component.spec.js
C:\Users\bsarg\source\repos\Marvel\Marvle_API\Marvle_API\MarvelApp\dist\out-tsc\src\app\nombre\nombre.component.spec.js.map
C:\Users\bsarg\source\repos\Marvel\Marvle_API\Marvle_API\MarvelApp\dist\out-tsc\src\app\services\sever-api.service.spec.js
C:\Users\bsarg\source\repos\Marvel\Marvle_API\Marvle_API\MarvelApp\dist\out-tsc\src\app\services\sever-api.service.spec.js.map
C:\Users\bsarg\source\repos\Marvel\Marvle_API\Marvle_API\MarvelApp\dist\out-tsc\src\environments\environment.prod.js
C:\Users\bsarg\source\repos\Marvel\Marvle_API\Marvle_API\MarvelApp\dist\out-tsc\src\environments\environment.prod.js.map
